usage: SkillChainingAgentClass.py [-h] [--experiment_name EXPERIMENT_NAME]
                                  [--device DEVICE] [--env ENV]
                                  [--pretrained PRETRAINED] [--seed SEED]
                                  [--episodes EPISODES] [--steps STEPS]
                                  [--subgoal_reward SUBGOAL_REWARD]
                                  [--lr_a LR_A] [--lr_c LR_C]
                                  [--ddpg_batch_size DDPG_BATCH_SIZE]
                                  [--render RENDER]
                                  [--option_timeout OPTION_TIMEOUT]
                                  [--generate_plots GENERATE_PLOTS]
                                  [--episodic_plots EPISODIC_PLOTS]
                                  [--tensor_log TENSOR_LOG]
                                  [--control_cost CONTROL_COST]
                                  [--dense_reward DENSE_REWARD]
                                  [--max_num_options MAX_NUM_OPTIONS]
                                  [--num_subgoal_hits NUM_SUBGOAL_HITS]
                                  [--buffer_len BUFFER_LEN]
                                  [--classifier_type CLASSIFIER_TYPE]
                                  [--init_q INIT_Q]
                                  [--use_smdp_update USE_SMDP_UPDATE]
                                  [--nu NU] [--num_run NUM_RUN]
SkillChainingAgentClass.py: error: unrecognized arguments: dsc_opt_pes_nu_0.5
